Copyright 1986-2022 Xilinx, Inc. All Rights Reserved. Copyright 2022-2025 Advanced Micro Devices, Inc. All Rights Reserved.
---------------------------------------------------------------------------------------------------------------------------------------------
| Tool Version : Vivado v.2025.2 (win64) Build 6299465 Fri Nov 14 19:35:11 GMT 2025
| Date         : Thu Apr 23 09:47:29 2026
| Host         : PC-711 running 64-bit major release  (build 9200)
| Command      : report_control_sets -verbose -file pwm_top_control_sets_placed.rpt
| Design       : pwm_top
| Device       : xc7a50ti
---------------------------------------------------------------------------------------------------------------------------------------------

Control Set Information

Table of Contents
-----------------
1. Summary
2. Histogram
3. Flip-Flop Distribution
4. Detailed Control Set Information

1. Summary
----------

+----------------------------------------------------------+-------+
|                          Status                          | Count |
+----------------------------------------------------------+-------+
| Total control sets                                       |     5 |
|    Minimum number of control sets                        |     5 |
|    Addition due to synthesis replication                 |     0 |
|    Addition due to physical synthesis replication        |     0 |
| Unused register locations in slices containing registers |    15 |
+----------------------------------------------------------+-------+
* Control sets can be merged at opt_design using control_set_merge or merge_equivalent_drivers
** Run report_qor_suggestions for automated merging and remapping suggestions


2. Histogram
------------

+--------------------+-------+
|       Fanout       | Count |
+--------------------+-------+
| Total control sets |     5 |
| >= 0 to < 4        |     0 |
| >= 4 to < 6        |     0 |
| >= 6 to < 8        |     0 |
| >= 8 to < 10       |     1 |
| >= 10 to < 12      |     0 |
| >= 12 to < 14      |     2 |
| >= 14 to < 16      |     0 |
| >= 16              |     2 |
+--------------------+-------+
* Control sets can be remapped at either synth_design or opt_design


3. Flip-Flop Distribution
-------------------------

+--------------+-----------------------+------------------------+-----------------+--------------+
| Clock Enable | Synchronous Set/Reset | Asynchronous Set/Reset | Total Registers | Total Slices |
+--------------+-----------------------+------------------------+-----------------+--------------+
| No           | No                    | No                     |              12 |            4 |
| No           | No                    | Yes                    |              68 |           29 |
| No           | Yes                   | No                     |              45 |           14 |
| Yes          | No                    | No                     |               0 |            0 |
| Yes          | No                    | Yes                    |               0 |            0 |
| Yes          | Yes                   | No                     |              20 |            5 |
+--------------+-----------------------+------------------------+-----------------+--------------+


4. Detailed Control Set Information
-----------------------------------

+----------------+-------------------------------+-----------------------------------+------------------+----------------+--------------+
|  Clock Signal  |         Enable Signal         |          Set/Reset Signal         | Slice Load Count | Bel Load Count | Bels / Slice |
+----------------+-------------------------------+-----------------------------------+------------------+----------------+--------------+
|  clk_IBUF_BUFG | clk_en_wave_inst/sig_enwave   | rst_btnc_IBUF                     |                3 |              8 |         2.67 |
|  clk_IBUF_BUFG |                               |                                   |                4 |             12 |         3.00 |
|  clk_IBUF_BUFG | debounce_inst/clock_0/ce_disp | rst_btnc_IBUF                     |                2 |             12 |         6.00 |
|  clk_IBUF_BUFG |                               | clk_en_wave_inst/s_cnt[0]_i_1_n_0 |                8 |             32 |         4.00 |
|  clk_IBUF_BUFG |                               | rst_btnc_IBUF                     |               35 |             81 |         2.31 |
+----------------+-------------------------------+-----------------------------------+------------------+----------------+--------------+


